<?xml version="1.0" encoding="UTF-8"?>
<testsuite name="test.java.AlgoTest" tests="3" skipped="0" failures="0" errors="0" timestamp="2018-10-22T06:02:34" hostname="my-PC" time="0.007">
  <properties/>
  <testcase name="testUnsortedList" classname="test.java.AlgoTest" time="0.006"/>
  <testcase name="testNullList" classname="test.java.AlgoTest" time="0.001"/>
  <testcase name="testSortedList" classname="test.java.AlgoTest" time="0.0"/>
  <system-out><![CDATA[]]></system-out>
  <system-err><![CDATA[]]></system-err>
</testsuite>
